INFO: latexindent version 3.7.1, 2019-09-07, a script to indent .tex files
      latexindent lives here: /usr/share/texlive/texmf-dist/scripts/latexindent/
      Thu Feb  9 14:43:22 2023
      Filename: /tmp/.tmpd9OpSf/file.tex
INFO: Processing switches:
      -l|--localSettings: Read localSettings YAML file
INFO: Directory for backup files and indent.log: /tmp/.tmpd9OpSf
INFO: YAML settings read: defaultSettings.yaml
      Reading defaultSettings.yaml from /usr/share/texlive/texmf-dist/scripts/latexindent/defaultSettings.yaml
INFO: YAML settings read: indentconfig.yaml or .indentconfig.yaml
      Home directory is /home/manuel (didn't find either indentconfig.yaml or .indentconfig.yaml)
      To specify user settings you would put indentconfig.yaml here: /home/manuel/indentconfig.yaml
      Alternatively, you can use the hidden file .indentconfig.yaml as: /home/manuel/.indentconfig.yaml
INFO: YAML settings read: -l switch
WARN: yaml file not found: /tmp/.tmpd9OpSf/localSettings.yaml not found. Proceeding without it.
INFO: Phase 1: searching for objects
INFO: Phase 2: finding surrounding indentation
INFO: Phase 3: indenting objects
INFO: Phase 4: final indentation check
INFO: Output routine:
      Not outputting to file; see -w and -o switches for more options.
      --------------
INFO: Please direct all communication/issues to:
      https://github.com/cmhughes/latexindent.pl
